#
# A fatal error has been detected by the Java Runtime Environment:
#
#  EXCEPTION_ACCESS_VIOLATION (0xc0000005) at pc=0x000000006005d58b, pid=3984, tid=3888
#
# JRE version: Java(TM) SE Runtime Environment (8.0_20-b26) (build 1.8.0_20-b26)
# Java VM: Java HotSpot(TM) 64-Bit Server VM (25.20-b23 mixed mode windows-amd64 compressed oops)
# Problematic frame:
# V  [jvm.dll+0x12d58b]
#
# Failed to write core dump. Minidumps are not enabled by default on client versions of Windows
#
# If you would like to submit a bug report, please visit:
#   http://bugreport.sun.com/bugreport/crash.jsp
#

---------------  T H R E A D  ---------------

Current thread (0x000000001ad8f000):  JavaThread "Thread-2" [_thread_in_vm, id=3888, stack(0x000000001c060000,0x000000001c160000)]

siginfo: ExceptionCode=0xc0000005, reading address 0x0000000000000000

Registers:
RAX=0x0000000000000000, RBX=0x0000000000000000, RCX=0x000000001ad8f000, RDX=0x00000000d7492810
RSP=0x000000001c15f430, RBP=0x000000001ad8f1e8, RSI=0x0000000000000000, RDI=0x000000001ad8f000
R8 =0x000007fd74dc9769, R9 =0x000000005fe50000, R10=0x0000000000000000, R11=0x0000000000000200
R12=0x0000000000000000, R13=0x00000000175ab7b8, R14=0x000000001c15f550, R15=0x000000001ad8f000
RIP=0x000000006005d58b, EFLAGS=0x0000000000010246

Top of Stack: (sp=0x000000001c15f430)
0x000000001c15f430:   000007fd74dc9787 000000005fe50000
0x000000001c15f440:   000000001ad8f1e8 000007fd74dc11af
0x000000001c15f450:   000000001ad8f000 0000000019f5c7e8
0x000000001c15f460:   0000000000000398 00000000605073f0
0x000000001c15f470:   000000001ad8f1e8 000007fd74dc69c2
0x000000001c15f480:   0000000000000000 000000001c15f530
0x000000001c15f490:   000000001ae16490 000000001ad8f000
0x000000001c15f4a0:   00000000175ab7b8 fffffffffffffffe
0x000000001c15f4b0:   00000000ffffffff 0000000002d55b74
0x000000001c15f4c0:   000000001ad8f1e8 00000000175ab7b8
0x000000001c15f4d0:   000000001ad8f000 0000000000000000
0x000000001c15f4e0:   000000001c15f5b0 0000000002d558a2
0x000000001c15f4f0:   000000001c15f4f0 00000000175ab7b8
0x000000001c15f500:   000000001c15f550 000000001bf03138
0x000000001c15f510:   0000000000000000 00000000175ab7b8
0x000000001c15f520:   0000000000000000 000000001c15f550 

Instructions: (pc=0x000000006005d58b)
0x000000006005d56b:   00 00 06 00 00 00 48 89 7c 24 20 48 89 74 24 28
0x000000006005d57b:   48 39 77 08 74 0a 48 8d 4c 24 20 e8 f5 67 13 00
0x000000006005d58b:   48 8b 0b e8 4d 06 f3 ff 4c 8b c7 33 d2 48 8b d8
0x000000006005d59b:   48 8b 00 48 8b cb ff 50 78 48 39 77 08 75 23 48 


Register to memory mapping:

RAX=0x0000000000000000 is an unknown value
RBX=0x0000000000000000 is an unknown value
RCX=0x000000001ad8f000 is a thread
RDX=0x00000000d7492810 is an oop
java.lang.ThreadDeath 
 - klass: 'java/lang/ThreadDeath'
RSP=0x000000001c15f430 is pointing into the stack for thread: 0x000000001ad8f000
RBP=0x000000001ad8f1e8 is an unknown value
RSI=0x0000000000000000 is an unknown value
RDI=0x000000001ad8f000 is a thread
R8 =0x000007fd74dc9769 is an unknown value
R9 =0x000000005fe50000 is an unknown value
R10=0x0000000000000000 is an unknown value
R11=0x0000000000000200 is an unknown value
R12=0x0000000000000000 is an unknown value
R13={method} {0x00000000175ab7c0} 'cvCreateCameraCapture' '(I)Lcom/googlecode/javacv/cpp/opencv_highgui$CvCapture;' in 'com/googlecode/javacv/cpp/opencv_highgui'
R14=0x000000001c15f550 is pointing into the stack for thread: 0x000000001ad8f000
R15=0x000000001ad8f000 is a thread


Stack: [0x000000001c060000,0x000000001c160000],  sp=0x000000001c15f430,  free space=1021k
Native frames: (J=compiled Java code, j=interpreted, Vv=VM code, C=native code)
V  [jvm.dll+0x12d58b]
C  [jniopencv_highgui.dll+0x69c2]
C  0x0000000002d55b74

Java frames: (J=compiled Java code, j=interpreted, Vv=VM code)
j  com.googlecode.javacv.cpp.opencv_highgui.cvCreateCameraCapture(I)Lcom/googlecode/javacv/cpp/opencv_highgui$CvCapture;+0
j  ip_camara_opencv.Principal$1.run()V+1
v  ~StubRoutines::call_stub

---------------  P R O C E S S  ---------------

Java Threads: ( => current thread )
  0x0000000002c40800 JavaThread "DestroyJavaVM" [_thread_blocked, id=4576, stack(0x0000000002760000,0x0000000002860000)]
=>0x000000001ad8f000 JavaThread "Thread-2" [_thread_in_vm, id=3888, stack(0x000000001c060000,0x000000001c160000)]
  0x000000001acfe800 JavaThread "AWT-EventQueue-0" [_thread_blocked, id=6096, stack(0x000000001bb50000,0x000000001bc50000)]
  0x000000001ac8b000 JavaThread "AWT-Windows" daemon [_thread_in_native, id=5384, stack(0x000000001b640000,0x000000001b740000)]
  0x0000000019f5b000 JavaThread "AWT-Shutdown" [_thread_blocked, id=5312, stack(0x000000001b540000,0x000000001b640000)]
  0x0000000019f5a800 JavaThread "Java2D Disposer" daemon [_thread_blocked, id=5716, stack(0x000000001b440000,0x000000001b540000)]
  0x0000000019c1f000 JavaThread "Service Thread" daemon [_thread_blocked, id=4352, stack(0x000000001a560000,0x000000001a660000)]
  0x0000000019b9d800 JavaThread "C1 CompilerThread3" daemon [_thread_blocked, id=5608, stack(0x000000001a460000,0x000000001a560000)]
  0x0000000019b8e800 JavaThread "C2 CompilerThread2" daemon [_thread_blocked, id=6016, stack(0x000000001a360000,0x000000001a460000)]
  0x0000000019b8d000 JavaThread "C2 CompilerThread1" daemon [_thread_blocked, id=4548, stack(0x000000001a260000,0x000000001a360000)]
  0x0000000019b87000 JavaThread "C2 CompilerThread0" daemon [_thread_blocked, id=5112, stack(0x000000001a160000,0x000000001a260000)]
  0x0000000019b86000 JavaThread "Attach Listener" daemon [_thread_blocked, id=4888, stack(0x000000001a060000,0x000000001a160000)]
  0x0000000019b85000 JavaThread "Signal Dispatcher" daemon [_thread_blocked, id=5896, stack(0x0000000019f60000,0x000000001a060000)]
  0x0000000017b8c800 JavaThread "Finalizer" daemon [_thread_blocked, id=4392, stack(0x0000000019a60000,0x0000000019b60000)]
  0x0000000002d32800 JavaThread "Reference Handler" daemon [_thread_blocked, id=5692, stack(0x0000000019960000,0x0000000019a60000)]

Other Threads:
  0x0000000017b88800 VMThread [stack: 0x0000000019860000,0x0000000019960000] [id=5348]
  0x0000000019c29000 WatcherThread [stack: 0x000000001a660000,0x000000001a760000] [id=5856]

VM state:not at safepoint (normal execution)

VM Mutex/Monitor currently owned by a thread: None

Heap:
 PSYoungGen      total 37888K, used 11993K [0x00000000d6980000, 0x00000000d9380000, 0x0000000100000000)
  eden space 32768K, 36% used [0x00000000d6980000,0x00000000d75365a0,0x00000000d8980000)
  from space 5120K, 0% used [0x00000000d8e80000,0x00000000d8e80000,0x00000000d9380000)
  to   space 5120K, 0% used [0x00000000d8980000,0x00000000d8980000,0x00000000d8e80000)
 ParOldGen       total 86016K, used 0K [0x0000000083c00000, 0x0000000089000000, 0x00000000d6980000)
  object space 86016K, 0% used [0x0000000083c00000,0x0000000083c00000,0x0000000089000000)
 Metaspace       used 11172K, capacity 11326K, committed 11520K, reserved 1058816K
  class space    used 1397K, capacity 1478K, committed 1536K, reserved 1048576K

Card table byte_map: [0x0000000012100000,0x00000000124f0000] byte_map_base: 0x0000000011ce2000

Marking Bits: (ParMarkBitMap*) 0x000000006070b460
 Begin Bits: [0x0000000012f90000, 0x0000000014ea0000)
 End Bits:   [0x0000000014ea0000, 0x0000000016db0000)

Polling page: 0x0000000001040000

CodeCache: size=245760Kb used=2302Kb max_used=2303Kb free=243457Kb
 bounds [0x0000000002d40000, 0x0000000002fb0000, 0x0000000011d40000]
 total_blobs=1039 nmethods=564 adapters=389
 compilation: enabled

Compilation events (10 events):
Event: 3.086 Thread 0x0000000019b9d800  561       3       java.util.WeakHashMap::indexFor (6 bytes)
Event: 3.086 Thread 0x0000000019b9d800 nmethod 561 0x0000000002f74110 code [0x0000000002f74260, 0x0000000002f74390]
Event: 3.086 Thread 0x0000000019b9d800  562       3       javax.swing.JComponent::contains (27 bytes)
Event: 3.087 Thread 0x0000000019b9d800 nmethod 562 0x0000000002f73710 code [0x0000000002f738a0, 0x0000000002f73f70]
Event: 3.087 Thread 0x0000000019b9d800  563       3       java.util.IdentityHashMap::isEmpty (13 bytes)
Event: 3.087 Thread 0x0000000019b9d800 nmethod 563 0x0000000002f73390 code [0x0000000002f734e0, 0x0000000002f73690]
Event: 3.150 Thread 0x0000000019b9d800  564       3       java.security.AccessControlContext::optimize (318 bytes)
Event: 3.152 Thread 0x0000000019b9d800 nmethod 564 0x0000000002f7d290 code [0x0000000002f7d5e0, 0x0000000002f7f118]
Event: 3.152 Thread 0x0000000019b9d800  565       3       java.awt.Component::getFont_NoClientCode (29 bytes)
Event: 3.152 Thread 0x0000000019b9d800 nmethod 565 0x0000000002f72c90 code [0x0000000002f72e20, 0x0000000002f73248]

GC Heap History (0 events):
No events

Deoptimization events (0 events):
No events

Internal exceptions (10 events):
Event: 2.472 Thread 0x000000001ad8f000 Exception <a 'java/security/PrivilegedActionException'> (0x00000000d73bd640) thrown at [D:\re\workspace\8-2-build-windows-amd64-cygwin\jdk8u20\1074\hotspot\src\share\vm\prims\jvm.cpp, line 1275]
Event: 2.473 Thread 0x000000001ad8f000 Exception <a 'java/security/PrivilegedActionException'> (0x00000000d73bfba8) thrown at [D:\re\workspace\8-2-build-windows-amd64-cygwin\jdk8u20\1074\hotspot\src\share\vm\prims\jvm.cpp, line 1275]
Event: 2.474 Thread 0x000000001ad8f000 Exception <a 'java/security/PrivilegedActionException'> (0x00000000d73c35f0) thrown at [D:\re\workspace\8-2-build-windows-amd64-cygwin\jdk8u20\1074\hotspot\src\share\vm\prims\jvm.cpp, line 1275]
Event: 2.474 Thread 0x000000001ad8f000 Exception <a 'java/security/PrivilegedActionException'> (0x00000000d73c5b20) thrown at [D:\re\workspace\8-2-build-windows-amd64-cygwin\jdk8u20\1074\hotspot\src\share\vm\prims\jvm.cpp, line 1275]
Event: 2.475 Thread 0x000000001ad8f000 Exception <a 'java/security/PrivilegedActionException'> (0x00000000d73c95a8) thrown at [D:\re\workspace\8-2-build-windows-amd64-cygwin\jdk8u20\1074\hotspot\src\share\vm\prims\jvm.cpp, line 1275]
Event: 2.485 Thread 0x000000001ad8f000 Exception <a 'java/security/PrivilegedActionException'> (0x00000000d73e01a0) thrown at [D:\re\workspace\8-2-build-windows-amd64-cygwin\jdk8u20\1074\hotspot\src\share\vm\prims\jvm.cpp, line 1275]
Event: 2.495 Thread 0x000000001ad8f000 Exception <a 'java/security/PrivilegedActionException'> (0x00000000d73f6e28) thrown at [D:\re\workspace\8-2-build-windows-amd64-cygwin\jdk8u20\1074\hotspot\src\share\vm\prims\jvm.cpp, line 1275]
Event: 2.506 Thread 0x000000001ad8f000 Exception <a 'java/security/PrivilegedActionException'> (0x00000000d740e430) thrown at [D:\re\workspace\8-2-build-windows-amd64-cygwin\jdk8u20\1074\hotspot\src\share\vm\prims\jvm.cpp, line 1275]
Event: 3.150 Thread 0x000000001af9b000 JVM_StopThread thread JavaThread 0x000000001ad8f000 as oop 0x00000000d6e96fe0 [exception 0x000000001d7ff438]
Event: 3.789 Thread 0x000000001ad8f000 Exception <a 'java/lang/ThreadDeath'> (0x00000000d7492810) thrown at [D:\re\workspace\8-2-build-windows-amd64-cygwin\jdk8u20\1074\hotspot\src\share\vm\oops\instanceKlass.cpp, line 920]

Events (10 events):
Event: 2.485 loading class com/googlecode/javacv/cpp/opencv_highgui$CvMouseCallback
Event: 2.485 loading class com/googlecode/javacv/cpp/opencv_highgui$CvMouseCallback done
Event: 2.495 loading class com/googlecode/javacv/cpp/opencv_highgui$CvTrackbarCallback2
Event: 2.495 loading class com/googlecode/javacv/cpp/opencv_highgui$CvTrackbarCallback2 done
Event: 2.505 loading class com/googlecode/javacv/cpp/opencv_highgui$CvTrackbarCallback
Event: 2.505 loading class com/googlecode/javacv/cpp/opencv_highgui$CvTrackbarCallback done
Event: 3.150 Thread 0x000000001af9b000 Thread added: 0x000000001af9b000
Event: 3.150 Executing VM operation: ThreadStop
Event: 3.150 Executing VM operation: ThreadStop done
Event: 3.150 Thread 0x000000001af9b000 Thread exited: 0x000000001af9b000


Dynamic libraries:
0x000007f76c4a0000 - 0x000007f76c4d4000 	C:\Program Files\Java\jdk1.8.0_20\jre\bin\java.exe
0x000007fd7f110000 - 0x000007fd7f2ce000 	C:\Windows\SYSTEM32\ntdll.dll
0x000007fd7e7a0000 - 0x000007fd7e8d7000 	C:\Windows\system32\KERNEL32.DLL
0x000007fd7c060000 - 0x000007fd7c154000 	C:\Windows\system32\KERNELBASE.dll
0x000007fd7efd0000 - 0x000007fd7f0ae000 	C:\Windows\system32\ADVAPI32.dll
0x000007fd7e1b0000 - 0x000007fd7e2fc000 	C:\Windows\system32\USER32.dll
0x000007fd79bf0000 - 0x000007fd79e5a000 	C:\Windows\WinSxS\amd64_microsoft.windows.common-controls_6595b64144ccf1df_6.0.9200.16579_none_418ab7ef718b27ef\COMCTL32.dll
0x000007fd7db40000 - 0x000007fd7dbe5000 	C:\Windows\system32\msvcrt.dll
0x000007fd7dae0000 - 0x000007fd7db28000 	C:\Windows\SYSTEM32\sechost.dll
0x000007fd7e5f0000 - 0x000007fd7e735000 	C:\Windows\system32\RPCRT4.dll
0x000007fd7e300000 - 0x000007fd7e441000 	C:\Windows\system32\GDI32.dll
0x000007fd7c500000 - 0x000007fd7c539000 	C:\Windows\system32\IMM32.DLL
0x000007fd7e8e0000 - 0x000007fd7e9f6000 	C:\Windows\system32\MSCTF.dll
0x000000005fe50000 - 0x000000005ff22000 	C:\Program Files\Java\jdk1.8.0_20\jre\bin\msvcr100.dll
0x000000005ff30000 - 0x0000000060788000 	C:\Program Files\Java\jdk1.8.0_20\jre\bin\server\jvm.dll
0x000007fd797e0000 - 0x000007fd797e9000 	C:\Windows\SYSTEM32\WSOCK32.dll
0x000007fd7a7b0000 - 0x000007fd7a7d0000 	C:\Windows\SYSTEM32\WINMM.dll
0x000007fd7db30000 - 0x000007fd7db37000 	C:\Windows\system32\PSAPI.DLL
0x000007fd7f0b0000 - 0x000007fd7f108000 	C:\Windows\system32\WS2_32.dll
0x000007fd7a730000 - 0x000007fd7a763000 	C:\Windows\SYSTEM32\WINMMBASE.dll
0x000007fd7c540000 - 0x000007fd7c549000 	C:\Windows\system32\NSI.dll
0x000007fd7c190000 - 0x000007fd7c1df000 	C:\Windows\SYSTEM32\cfgmgr32.dll
0x000007fd7c160000 - 0x000007fd7c182000 	C:\Windows\system32\DEVOBJ.dll
0x000000005fe00000 - 0x000000005fe0f000 	C:\Program Files\Java\jdk1.8.0_20\jre\bin\verify.dll
0x000000005fdd0000 - 0x000000005fdf8000 	C:\Program Files\Java\jdk1.8.0_20\jre\bin\java.dll
0x000000005fdb0000 - 0x000000005fdc6000 	C:\Program Files\Java\jdk1.8.0_20\jre\bin\zip.dll
0x000007fd7c760000 - 0x000007fd7da40000 	C:\Windows\system32\SHELL32.dll
0x000007fd7e000000 - 0x000007fd7e1b0000 	C:\Windows\SYSTEM32\combase.dll
0x000007fd7e750000 - 0x000007fd7e7a0000 	C:\Windows\system32\SHLWAPI.dll
0x000007fd7a480000 - 0x000007fd7a515000 	C:\Windows\SYSTEM32\SHCORE.dll
0x000007fd7c040000 - 0x000007fd7c055000 	C:\Windows\system32\profapi.dll
0x000000005fbd0000 - 0x000000005fd68000 	C:\Program Files\Java\jdk1.8.0_20\jre\bin\awt.dll
0x000007fd7c670000 - 0x000007fd7c733000 	C:\Windows\system32\OLEAUT32.dll
0x000007fd76520000 - 0x000007fd765bf000 	C:\Windows\system32\apphelp.dll
0x000007fd7a1b0000 - 0x000007fd7a1d1000 	C:\Windows\system32\DWMAPI.DLL
0x000007fd7ae30000 - 0x000007fd7af16000 	C:\Windows\system32\uxtheme.dll
0x000007fd7dbf0000 - 0x000007fd7dd6e000 	C:\Windows\system32\ole32.dll
0x000007fd7bdd0000 - 0x000007fd7bdda000 	C:\Windows\SYSTEM32\CRYPTBASE.dll
0x000007fd7bd70000 - 0x000007fd7bdcc000 	C:\Windows\SYSTEM32\bcryptPrimitives.dll
0x000000005fb80000 - 0x000000005fbc7000 	C:\Program Files\Java\jdk1.8.0_20\jre\bin\fontmanager.dll
0x000007fd7da40000 - 0x000007fd7dad6000 	C:\Windows\SYSTEM32\clbcatq.dll
0x000007fd79fb0000 - 0x000007fd7a143000 	C:\Windows\SYSTEM32\WindowsCodecs.dll
0x000000005fd90000 - 0x000000005fdaa000 	C:\Program Files\Java\jdk1.8.0_20\jre\bin\net.dll
0x000007fd7b7e0000 - 0x000007fd7b83c000 	C:\Windows\system32\mswsock.dll
0x000000005fd70000 - 0x000000005fd81000 	C:\Program Files\Java\jdk1.8.0_20\jre\bin\nio.dll
0x000000005fb30000 - 0x000000005fb71000 	C:\Program Files\Java\jdk1.8.0_20\jre\bin\t2k.dll
0x000000005f9e0000 - 0x000000005fab1000 	C:\Users\fabricio\AppData\Local\Temp\javacpp15150997215112\msvcr100.dll
0x000000005f940000 - 0x000000005f9d8000 	C:\Users\fabricio\AppData\Local\Temp\javacpp15150997215112\msvcp100.dll
0x0000000066840000 - 0x00000000676b4000 	C:\Users\fabricio\AppData\Local\Temp\javacpp15150997215112\opencv_ffmpeg248_64.dll
0x000007fd6e990000 - 0x000007fd6ec02000 	C:\Users\fabricio\AppData\Local\Temp\javacpp15150997215112\opencv_core248.dll
0x000007fd6e520000 - 0x000007fd6e7d2000 	C:\Users\fabricio\AppData\Local\Temp\javacpp15150997215112\opencv_imgproc248.dll
0x000007fd6c260000 - 0x000007fd6c4ad000 	C:\Users\fabricio\AppData\Local\Temp\javacpp15150997215112\opencv_highgui248.dll
0x000007fd74e70000 - 0x000007fd74e90000 	C:\Windows\SYSTEM32\AVIFIL32.dll
0x000007fd74e40000 - 0x000007fd74e69000 	C:\Windows\SYSTEM32\MSVFW32.dll
0x000007fd74de0000 - 0x000007fd74df7000 	C:\Windows\SYSTEM32\AVICAP32.dll
0x000007fd78100000 - 0x000007fd78119000 	C:\Windows\SYSTEM32\MSACM32.dll
0x000007fd761c0000 - 0x000007fd761c9000 	C:\Windows\SYSTEM32\VERSION.dll
0x000007fd74dc0000 - 0x000007fd74dd3000 	C:\Users\fabricio\AppData\Local\Temp\javacpp15150997215112\jniopencv_highgui.dll
0x000007fd74ab0000 - 0x000007fd74ac7000 	C:\Windows\System32\devenum.dll
0x000007fd7eb70000 - 0x000007fd7ed40000 	C:\Windows\system32\setupapi.dll
0x000007fd79f80000 - 0x000007fd79fae000 	C:\Windows\SYSTEM32\ntmarta.dll
0x000007fd7c1e0000 - 0x000007fd7c235000 	C:\Windows\system32\WINTRUST.dll
0x000007fd7c260000 - 0x000007fd7c431000 	C:\Windows\system32\CRYPT32.dll
0x000007fd7c020000 - 0x000007fd7c036000 	C:\Windows\system32\MSASN1.dll
0x000007fd75880000 - 0x000007fd7588d000 	C:\Windows\SYSTEM32\msdmo.dll
0x000007fd74a80000 - 0x000007fd74aaf000 	C:\Windows\System32\qcap.dll
0x000007fd6c870000 - 0x000007fd6ca28000 	C:\Windows\System32\quartz.dll
0x000007fd74a40000 - 0x000007fd74a7f000 	C:\Windows\System32\ksproxy.ax
0x000007fd786b0000 - 0x000007fd786b7000 	C:\Windows\System32\ksuser.dll
0x000007fd6bbd0000 - 0x000007fd6bdd0000 	C:\Windows\System32\d3d9.dll
0x000007fd75610000 - 0x000007fd7561c000 	C:\Windows\System32\vidcap.ax
0x000007fd73730000 - 0x000007fd73754000 	C:\Windows\System32\kswdmcap.ax
0x000007fd6c100000 - 0x000007fd6c254000 	C:\Windows\System32\MFC42.dll
0x000007fd6f340000 - 0x000007fd6f3fe000 	C:\Windows\System32\ODBC32.dll
0x000007fd6e8f0000 - 0x000007fd6e985000 	C:\Windows\System32\qedit.dll
0x000007fd7c5c0000 - 0x000007fd7c661000 	C:\Windows\system32\COMDLG32.dll
0x000007fd78830000 - 0x000007fd789d0000 	C:\Windows\WinSxS\amd64_microsoft.windows.gdiplus_6595b64144ccf1df_1.1.9200.16518_none_726fbfe0cc22f012\gdiplus.dll
0x000007fd6f8e0000 - 0x000007fd6f9ca000 	C:\Windows\SYSTEM32\DDRAW.dll
0x000007fd76800000 - 0x000007fd76808000 	C:\Windows\SYSTEM32\DCIMAN32.dll
0x000007fd75450000 - 0x000007fd7545b000 	C:\Windows\SYSTEM32\msyuv.dll
0x000007fd72df0000 - 0x000007fd72f53000 	C:\Windows\SYSTEM32\dbghelp.dll

VM Arguments:
jvm_args: -Dfile.encoding=UTF-8 
java_command: ip_camara_opencv.Ejecutor
java_class_path (initial): C:\Users\fabricio\Documents\NetBeansProjects\SistemaCamaras\lib\ffmpeg-2.1.1-windows-x86.jar;C:\Users\fabricio\Documents\NetBeansProjects\SistemaCamaras\lib\ffmpeg-2.1.1-windows-x86_64.jar;C:\Users\fabricio\Documents\NetBeansProjects\SistemaCamaras\lib\javacpp.jar;C:\Users\fabricio\Documents\NetBeansProjects\SistemaCamaras\lib\javacv-windows-x86.jar;C:\Users\fabricio\Documents\NetBeansProjects\SistemaCamaras\lib\javacv-windows-x86_64.jar;C:\Users\fabricio\Documents\NetBeansProjects\SistemaCamaras\lib\javacv.jar;C:\Users\fabricio\Documents\NetBeansProjects\SistemaCamaras\lib\opencv-2.4.8-windows-x86.jar;C:\Users\fabricio\Documents\NetBeansProjects\SistemaCamaras\lib\opencv-2.4.8-windows-x86_64.jar;C:\Users\fabricio\Documents\NetBeansProjects\SistemaCamaras\build\classes
Launcher Type: SUN_STANDARD

Environment Variables:
PATH=C:\ProgramData\Oracle\Java\javapath;C:\Windows\system32;C:\Windows;C:\Windows\System32\Wbem;C:\Windows\System32\WindowsPowerShell\v1.0\;C:opencv;C:opencvbuild;
USERNAME=fabricio
OS=Windows_NT
PROCESSOR_IDENTIFIER=Intel64 Family 6 Model 60 Stepping 3, GenuineIntel



---------------  S Y S T E M  ---------------

OS: Windows 8 , 64 bit Build 9200 

CPU:total 8 (4 cores per cpu, 2 threads per core) family 6 model 60 stepping 3, cmov, cx8, fxsr, mmx, sse, sse2, sse3, ssse3, sse4.1, sse4.2, popcnt, avx, avx2, aes, clmul, erms, lzcnt, ht, tsc, tscinvbit, bmi1, bmi2

Memory: 4k page, physical 8139116k(4465676k free), swap 12857708k(8319200k free)

vm_info: Java HotSpot(TM) 64-Bit Server VM (25.20-b23) for windows-amd64 JRE (1.8.0_20-b26), built on Jul 30 2014 13:51:23 by "java_re" with MS VC++ 10.0 (VS2010)

time: Wed Oct 08 22:25:22 2014
elapsed time: 3 seconds (0d 0h 0m 3s)

