#
# A fatal error has been detected by the Java Runtime Environment:
#
#  EXCEPTION_ACCESS_VIOLATION (0xc0000005) at pc=0x000007fcec927b8c, pid=2064, tid=3556
#
# JRE version: Java(TM) SE Runtime Environment (8.0_20-b26) (build 1.8.0_20-b26)
# Java VM: Java HotSpot(TM) 64-Bit Server VM (25.20-b23 mixed mode windows-amd64 compressed oops)
# Problematic frame:
# C  [KERNELBASE.dll+0x47b8c]
#
# Failed to write core dump. Minidumps are not enabled by default on client versions of Windows
#
# If you would like to submit a bug report, please visit:
#   http://bugreport.sun.com/bugreport/crash.jsp
# The crash happened outside the Java Virtual Machine in native code.
# See problematic frame for where to report the bug.
#

---------------  T H R E A D  ---------------

Current thread (0x000000001a74a800):  JavaThread "Thread-2" [_thread_in_native, id=3556, stack(0x000000001bbe0000,0x000000001bce0000)]

siginfo: ExceptionCode=0xc0000005, reading address 0x0000000000000000

Registers:
RAX=0x0000000000280000, RBX=0x000000001bcde940, RCX=0x00000000001a0018, RDX=0x000007fcedf379b8
RSP=0x000000001bcdcb40, RBP=0x000000001bcdd1e0, RSI=0x000000001bcdee30, RDI=0x000000001bcdd990
R8 =0x0000000000000000, R9 =0x0000000000000000, R10=0x0000000000000000, R11=0x0000000000000000
R12=0x000000001bcddfe8, R13=0x0000000000000000, R14=0x000000001bcdcc90, R15=0x000007fcdd494c20
RIP=0x000007fcec927b8c, EFLAGS=0x0000000000000206

Top of Stack: (sp=0x000000001bcdcb40)
0x000000001bcdcb40:   0000000000000000 000000001bcde940
0x000000001bcdcb50:   000000001bcdee30 000000001bcdd990
0x000000001bcdcb60:   00000000c0000005 0000000000000000
0x000000001bcdcb70:   000007fcec927b8c 0000000000000002
0x000000001bcdcb80:   0000000000000000 0000000000000000
0x000000001bcdcb90:   0000000019930520 0000000000000000
0x000000001bcdcba0:   0000000000000000 0000000000000000
0x000000001bcdcbb0:   000000001bcdf280 00000000724b20da
0x000000001bcdcbc0:   0000000000000000 000000001bcde940
0x000000001bcdcbd0:   000000001bcdd990 000000001bcdcfe0
0x000000001bcdcbe0:   000000001bcdd990 00000000724b20fb
0x000000001bcdcbf0:   000000001bcde940 000000001bcdf280
0x000000001bcdcc00:   0000ffbc2584e688 000000001bcdcfd0
0x000000001bcdcc10:   000000001bcde940 00000000724f04d6
0x000000001bcdcc20:   000007fcdd494c20 000000001bcddfe8
0x000000001bcdcc30:   0000000000000100 0000000000000000 

Instructions: (pc=0x000007fcec927b8c)
0x000007fcec927b6c:   44 3b c0 44 0f 47 c0 44 89 44 24 38 49 c1 e0 03
0x000007fcec927b7c:   e8 2f 9a fb ff 48 8d 4c 24 20 ff 15 94 1b 0a 00
0x000007fcec927b8c:   48 8b 8c 24 c0 00 00 00 48 33 cc e8 54 99 fb ff
0x000007fcec927b9c:   48 81 c4 d8 00 00 00 c3 83 64 24 38 00 eb d6 cc 


Register to memory mapping:

RAX=0x0000000000280000 is an unknown value
RBX=0x000000001bcde940 is pointing into the stack for thread: 0x000000001a74a800
RCX=0x00000000001a0018 is an unknown value
RDX=0x000007fcedf379b8 is an unknown value
RSP=0x000000001bcdcb40 is pointing into the stack for thread: 0x000000001a74a800
RBP=0x000000001bcdd1e0 is pointing into the stack for thread: 0x000000001a74a800
RSI=0x000000001bcdee30 is pointing into the stack for thread: 0x000000001a74a800
RDI=0x000000001bcdd990 is pointing into the stack for thread: 0x000000001a74a800
R8 =0x0000000000000000 is an unknown value
R9 =0x0000000000000000 is an unknown value
R10=0x0000000000000000 is an unknown value
R11=0x0000000000000000 is an unknown value
R12=0x000000001bcddfe8 is pointing into the stack for thread: 0x000000001a74a800
R13=0x0000000000000000 is an unknown value
R14=0x000000001bcdcc90 is pointing into the stack for thread: 0x000000001a74a800
R15=0x000007fcdd494c20 is an unknown value


Stack: [0x000000001bbe0000,0x000000001bce0000],  sp=0x000000001bcdcb40,  free space=1010k
Native frames: (J=compiled Java code, j=interpreted, Vv=VM code, C=native code)
C  [KERNELBASE.dll+0x47b8c]
C  [msvcr100.dll+0x604d6]
C  [ntdll.dll+0x4fc3]
C  [opencv_highgui248.dll+0x16ea9]
C  [opencv_highgui248.dll+0x12ef]
C  [jniopencv_highgui.dll+0x69a0]
C  0x0000000002585b74

Java frames: (J=compiled Java code, j=interpreted, Vv=VM code)
j  com.googlecode.javacv.cpp.opencv_highgui.cvCreateCameraCapture(I)Lcom/googlecode/javacv/cpp/opencv_highgui$CvCapture;+0
j  vista.frmPrincipal$3.run()V+1
v  ~StubRoutines::call_stub

---------------  P R O C E S S  ---------------

Java Threads: ( => current thread )
  0x000000001a87a000 JavaThread "Thread-5" [_thread_in_native, id=1176, stack(0x000000001d300000,0x000000001d400000)]
=>0x000000001a74a800 JavaThread "Thread-2" [_thread_in_native, id=3556, stack(0x000000001bbe0000,0x000000001bce0000)]
  0x0000000002470800 JavaThread "DestroyJavaVM" [_thread_blocked, id=1756, stack(0x0000000001f90000,0x0000000002090000)]
  0x000000001a430000 JavaThread "AWT-EventQueue-0" [_thread_blocked, id=4192, stack(0x000000001b4e0000,0x000000001b5e0000)]
  0x000000001a3c7000 JavaThread "AWT-Windows" daemon [_thread_in_native, id=504, stack(0x000000001ad80000,0x000000001ae80000)]
  0x000000001979d800 JavaThread "AWT-Shutdown" [_thread_blocked, id=4452, stack(0x000000001ac80000,0x000000001ad80000)]
  0x000000001a3bb000 JavaThread "Java2D Disposer" daemon [_thread_blocked, id=3756, stack(0x000000001ab80000,0x000000001ac80000)]
  0x0000000019459800 JavaThread "Service Thread" daemon [_thread_blocked, id=2100, stack(0x0000000019da0000,0x0000000019ea0000)]
  0x00000000193d3800 JavaThread "C1 CompilerThread3" daemon [_thread_blocked, id=3760, stack(0x0000000019ca0000,0x0000000019da0000)]
  0x00000000193d9000 JavaThread "C2 CompilerThread2" daemon [_thread_blocked, id=564, stack(0x0000000019ba0000,0x0000000019ca0000)]
  0x00000000193cc800 JavaThread "C2 CompilerThread1" daemon [_thread_blocked, id=4300, stack(0x0000000019aa0000,0x0000000019ba0000)]
  0x00000000193c7800 JavaThread "C2 CompilerThread0" daemon [_thread_blocked, id=4908, stack(0x00000000199a0000,0x0000000019aa0000)]
  0x00000000193c6000 JavaThread "Attach Listener" daemon [_thread_blocked, id=4584, stack(0x00000000198a0000,0x00000000199a0000)]
  0x00000000173ce000 JavaThread "Signal Dispatcher" daemon [_thread_blocked, id=2016, stack(0x00000000197a0000,0x00000000198a0000)]
  0x0000000002567000 JavaThread "Finalizer" daemon [_thread_blocked, id=1100, stack(0x00000000192a0000,0x00000000193a0000)]
  0x0000000002560000 JavaThread "Reference Handler" daemon [_thread_blocked, id=4132, stack(0x00000000191a0000,0x00000000192a0000)]

Other Threads:
  0x00000000173b9000 VMThread [stack: 0x00000000190a0000,0x00000000191a0000] [id=3884]
  0x0000000019465800 WatcherThread [stack: 0x0000000019ea0000,0x0000000019fa0000] [id=4924]

VM state:not at safepoint (normal execution)

VM Mutex/Monitor currently owned by a thread: None

Heap:
 PSYoungGen      total 37888K, used 14852K [0x00000000d6980000, 0x00000000d9380000, 0x0000000100000000)
  eden space 32768K, 45% used [0x00000000d6980000,0x00000000d7801040,0x00000000d8980000)
  from space 5120K, 0% used [0x00000000d8e80000,0x00000000d8e80000,0x00000000d9380000)
  to   space 5120K, 0% used [0x00000000d8980000,0x00000000d8980000,0x00000000d8e80000)
 ParOldGen       total 86016K, used 0K [0x0000000083c00000, 0x0000000089000000, 0x00000000d6980000)
  object space 86016K, 0% used [0x0000000083c00000,0x0000000083c00000,0x0000000089000000)
 Metaspace       used 12468K, capacity 12654K, committed 13056K, reserved 1060864K
  class space    used 1601K, capacity 1669K, committed 1792K, reserved 1048576K

Card table byte_map: [0x0000000011930000,0x0000000011d20000] byte_map_base: 0x0000000011512000

Marking Bits: (ParMarkBitMap*) 0x0000000072d4b460
 Begin Bits: [0x00000000127c0000, 0x00000000146d0000)
 End Bits:   [0x00000000146d0000, 0x00000000165e0000)

Polling page: 0x0000000001f40000

CodeCache: size=245760Kb used=2896Kb max_used=2896Kb free=242863Kb
 bounds [0x0000000002570000, 0x0000000002850000, 0x0000000011570000]
 total_blobs=1290 nmethods=800 adapters=404
 compilation: enabled

Compilation events (10 events):
Event: 4.630 Thread 0x00000000193d3800  791   !   3       sun.awt.GlobalCursorManager::_updateCursor (165 bytes)
Event: 4.632 Thread 0x00000000193d3800 nmethod 791 0x000000000283e450 code [0x000000000283e740, 0x00000000028400b8]
Event: 4.632 Thread 0x00000000193d3800  793       3       sun.awt.windows.WToolkit::targetToPeer (5 bytes)
Event: 4.632 Thread 0x00000000193d3800 nmethod 793 0x000000000283cd50 code [0x000000000283cf00, 0x000000000283d518]
Event: 4.632 Thread 0x00000000193d3800  794       3       sun.awt.SunToolkit::targetToPeer (20 bytes)
Event: 4.632 Thread 0x00000000193d3800 nmethod 794 0x0000000002840dd0 code [0x0000000002840f80, 0x0000000002841538]
Event: 4.640 Thread 0x00000000193d3800  795       3       java.util.concurrent.locks.AbstractQueuedSynchronizer::isOnSyncQueue (33 bytes)
Event: 4.640 Thread 0x00000000193d3800 nmethod 795 0x0000000002841750 code [0x00000000028418c0, 0x0000000002841c50]
Event: 4.641 Thread 0x00000000193d3800  798       3       sun.awt.windows.WObjectPeer::getPeerForTarget (10 bytes)
Event: 4.641 Thread 0x00000000193d3800 nmethod 798 0x0000000002842150 code [0x0000000002842320, 0x0000000002842a78]

GC Heap History (0 events):
No events

Deoptimization events (5 events):
Event: 1.959 Thread 0x000000001a74a800 Uncommon trap: reason=class_check action=maybe_recompile pc=0x00000000027430dc method=java.util.HashMap.putVal(ILjava/lang/Object;Ljava/lang/Object;ZZ)Ljava/lang/Object; @ 253
Event: 1.959 Thread 0x000000001a74a800 Uncommon trap: reason=class_check action=maybe_recompile pc=0x00000000027430dc method=java.util.HashMap.putVal(ILjava/lang/Object;Ljava/lang/Object;ZZ)Ljava/lang/Object; @ 253
Event: 1.959 Thread 0x000000001a74a800 Uncommon trap: reason=class_check action=maybe_recompile pc=0x00000000027430dc method=java.util.HashMap.putVal(ILjava/lang/Object;Ljava/lang/Object;ZZ)Ljava/lang/Object; @ 253
Event: 1.962 Thread 0x000000001a74a800 Uncommon trap: reason=class_check action=maybe_recompile pc=0x00000000027430dc method=java.util.HashMap.putVal(ILjava/lang/Object;Ljava/lang/Object;ZZ)Ljava/lang/Object; @ 253
Event: 1.962 Thread 0x000000001a74a800 Uncommon trap: reason=class_check action=maybe_recompile pc=0x000000000273f918 method=java.util.HashMap.putVal(ILjava/lang/Object;Ljava/lang/Object;ZZ)Ljava/lang/Object; @ 253

Internal exceptions (10 events):
Event: 3.350 Thread 0x000000001a74a800 Exception <a 'java/security/PrivilegedActionException'> (0x00000000d7509688) thrown at [D:\re\workspace\8-2-build-windows-amd64-cygwin\jdk8u20\1074\hotspot\src\share\vm\prims\jvm.cpp, line 1275]
Event: 3.351 Thread 0x000000001a74a800 Exception <a 'java/security/PrivilegedActionException'> (0x00000000d750cb58) thrown at [D:\re\workspace\8-2-build-windows-amd64-cygwin\jdk8u20\1074\hotspot\src\share\vm\prims\jvm.cpp, line 1275]
Event: 3.352 Thread 0x000000001a74a800 Exception <a 'java/security/PrivilegedActionException'> (0x00000000d750f8e8) thrown at [D:\re\workspace\8-2-build-windows-amd64-cygwin\jdk8u20\1074\hotspot\src\share\vm\prims\jvm.cpp, line 1275]
Event: 3.353 Thread 0x000000001a74a800 Exception <a 'java/security/PrivilegedActionException'> (0x00000000d7513348) thrown at [D:\re\workspace\8-2-build-windows-amd64-cygwin\jdk8u20\1074\hotspot\src\share\vm\prims\jvm.cpp, line 1275]
Event: 3.354 Thread 0x000000001a74a800 Exception <a 'java/security/PrivilegedActionException'> (0x00000000d7515940) thrown at [D:\re\workspace\8-2-build-windows-amd64-cygwin\jdk8u20\1074\hotspot\src\share\vm\prims\jvm.cpp, line 1275]
Event: 3.355 Thread 0x000000001a74a800 Exception <a 'java/security/PrivilegedActionException'> (0x00000000d75193b8) thrown at [D:\re\workspace\8-2-build-windows-amd64-cygwin\jdk8u20\1074\hotspot\src\share\vm\prims\jvm.cpp, line 1275]
Event: 3.368 Thread 0x000000001a74a800 Exception <a 'java/security/PrivilegedActionException'> (0x00000000d75308f0) thrown at [D:\re\workspace\8-2-build-windows-amd64-cygwin\jdk8u20\1074\hotspot\src\share\vm\prims\jvm.cpp, line 1275]
Event: 3.377 Thread 0x000000001a74a800 Exception <a 'java/security/PrivilegedActionException'> (0x00000000d7547f68) thrown at [D:\re\workspace\8-2-build-windows-amd64-cygwin\jdk8u20\1074\hotspot\src\share\vm\prims\jvm.cpp, line 1275]
Event: 3.383 Thread 0x000000001a74a800 Exception <a 'java/security/PrivilegedActionException'> (0x00000000d755ffc0) thrown at [D:\re\workspace\8-2-build-windows-amd64-cygwin\jdk8u20\1074\hotspot\src\share\vm\prims\jvm.cpp, line 1275]
Event: 4.582 Thread 0x000000001a87a000 Exception <a 'java/security/PrivilegedActionException'> (0x00000000d775df10) thrown at [D:\re\workspace\8-2-build-windows-amd64-cygwin\jdk8u20\1074\hotspot\src\share\vm\prims\jvm.cpp, line 1275]

Events (10 events):
Event: 3.377 loading class com/googlecode/javacv/cpp/opencv_highgui$CvTrackbarCallback2 done
Event: 3.383 loading class com/googlecode/javacv/cpp/opencv_highgui$CvTrackbarCallback
Event: 3.383 loading class com/googlecode/javacv/cpp/opencv_highgui$CvTrackbarCallback done
Event: 3.951 Thread 0x000000001a87a000 Thread added: 0x000000001a87a000
Event: 3.951 Thread 0x000000001a87a800 Thread added: 0x000000001a87a800
Event: 3.951 Thread 0x000000001a87a800 Thread exited: 0x000000001a87a800
Event: 4.094 Executing VM operation: EnableBiasedLocking
Event: 4.094 Executing VM operation: EnableBiasedLocking done
Event: 4.582 loading class com/googlecode/javacpp/annotation/Opaque
Event: 4.582 loading class com/googlecode/javacpp/annotation/Opaque done


Dynamic libraries:
0x000007f75c9a0000 - 0x000007f75c9d4000 	C:\Program Files\Java\jdk1.8.0_20\bin\java.exe
0x000007fcef860000 - 0x000007fcefa1e000 	C:\Windows\SYSTEM32\ntdll.dll
0x000007fcee040000 - 0x000007fcee177000 	C:\Windows\system32\KERNEL32.DLL
0x000007fcec8e0000 - 0x000007fcec9d4000 	C:\Windows\system32\KERNELBASE.dll
0x000007fcee290000 - 0x000007fcee36e000 	C:\Windows\system32\ADVAPI32.dll
0x000007fceda20000 - 0x000007fcedb6c000 	C:\Windows\system32\USER32.dll
0x000007fcea470000 - 0x000007fcea6da000 	C:\Windows\WinSxS\amd64_microsoft.windows.common-controls_6595b64144ccf1df_6.0.9200.16579_none_418ab7ef718b27ef\COMCTL32.dll
0x000007fcecdc0000 - 0x000007fcece65000 	C:\Windows\system32\msvcrt.dll
0x000007fced650000 - 0x000007fced698000 	C:\Windows\SYSTEM32\sechost.dll
0x000007fcecc70000 - 0x000007fcecdb5000 	C:\Windows\system32\RPCRT4.dll
0x000007fcecee0000 - 0x000007fced021000 	C:\Windows\system32\GDI32.dll
0x000007fced610000 - 0x000007fced649000 	C:\Windows\system32\IMM32.DLL
0x000007fced4f0000 - 0x000007fced606000 	C:\Windows\system32\MSCTF.dll
0x0000000072490000 - 0x0000000072562000 	C:\Program Files\Java\jdk1.8.0_20\jre\bin\msvcr100.dll
0x0000000072570000 - 0x0000000072dc8000 	C:\Program Files\Java\jdk1.8.0_20\jre\bin\server\jvm.dll
0x000007fceaf30000 - 0x000007fceaf39000 	C:\Windows\SYSTEM32\WSOCK32.dll
0x000007fce3ef0000 - 0x000007fce3f10000 	C:\Windows\SYSTEM32\WINMM.dll
0x000007fced6a0000 - 0x000007fced6a7000 	C:\Windows\system32\PSAPI.DLL
0x000007fcef660000 - 0x000007fcef6b8000 	C:\Windows\system32\WS2_32.dll
0x000007fce3e90000 - 0x000007fce3ec3000 	C:\Windows\SYSTEM32\WINMMBASE.dll
0x000007fced780000 - 0x000007fced789000 	C:\Windows\system32\NSI.dll
0x000007fcec860000 - 0x000007fcec8af000 	C:\Windows\SYSTEM32\cfgmgr32.dll
0x000007fcec8b0000 - 0x000007fcec8d2000 	C:\Windows\system32\DEVOBJ.dll
0x0000000072440000 - 0x000000007244f000 	C:\Program Files\Java\jdk1.8.0_20\jre\bin\verify.dll
0x0000000072410000 - 0x0000000072438000 	C:\Program Files\Java\jdk1.8.0_20\jre\bin\java.dll
0x00000000723f0000 - 0x0000000072406000 	C:\Program Files\Java\jdk1.8.0_20\jre\bin\zip.dll
0x000007fcee370000 - 0x000007fcef650000 	C:\Windows\system32\SHELL32.dll
0x000007fcede90000 - 0x000007fcee040000 	C:\Windows\SYSTEM32\combase.dll
0x000007fcede40000 - 0x000007fcede90000 	C:\Windows\system32\SHLWAPI.dll
0x000007fceac00000 - 0x000007fceac95000 	C:\Windows\SYSTEM32\SHCORE.dll
0x000007fcec790000 - 0x000007fcec7a5000 	C:\Windows\system32\profapi.dll
0x0000000072210000 - 0x00000000723a8000 	C:\Program Files\Java\jdk1.8.0_20\jre\bin\awt.dll
0x000007fced6b0000 - 0x000007fced773000 	C:\Windows\system32\OLEAUT32.dll
0x000007fce6e60000 - 0x000007fce6eff000 	C:\Windows\system32\apphelp.dll
0x000007fceb580000 - 0x000007fceb666000 	C:\Windows\system32\uxtheme.dll
0x000007fceaa10000 - 0x000007fceaa31000 	C:\Windows\SYSTEM32\dwmapi.dll
0x000007fced200000 - 0x000007fced37e000 	C:\Windows\system32\ole32.dll
0x000007fcec520000 - 0x000007fcec52a000 	C:\Windows\SYSTEM32\CRYPTBASE.dll
0x000007fcec4c0000 - 0x000007fcec51c000 	C:\Windows\SYSTEM32\bcryptPrimitives.dll
0x00000000721c0000 - 0x0000000072207000 	C:\Program Files\Java\jdk1.8.0_20\jre\bin\fontmanager.dll
0x000007fcedda0000 - 0x000007fcede36000 	C:\Windows\SYSTEM32\clbcatq.dll
0x000007fcea710000 - 0x000007fcea8a3000 	C:\Windows\SYSTEM32\WindowsCodecs.dll
0x00000000723d0000 - 0x00000000723ea000 	C:\Program Files\Java\jdk1.8.0_20\jre\bin\net.dll
0x000007fcebf30000 - 0x000007fcebf8c000 	C:\Windows\system32\mswsock.dll
0x00000000723b0000 - 0x00000000723c1000 	C:\Program Files\Java\jdk1.8.0_20\jre\bin\nio.dll
0x0000000072170000 - 0x00000000721b1000 	C:\Program Files\Java\jdk1.8.0_20\jre\bin\t2k.dll
0x0000000072130000 - 0x000000007215a000 	C:\Program Files\Java\jdk1.8.0_20\jre\bin\dcpr.dll
0x0000000071ec0000 - 0x0000000071f91000 	C:\Users\fabricio\AppData\Local\Temp\javacpp31459237463248\msvcr100.dll
0x0000000071e20000 - 0x0000000071eb8000 	C:\Users\fabricio\AppData\Local\Temp\javacpp31459237463248\msvcp100.dll
0x0000000066840000 - 0x00000000676b4000 	C:\Users\fabricio\AppData\Local\Temp\javacpp31459237463248\opencv_ffmpeg248_64.dll
0x000007fcdf610000 - 0x000007fcdf882000 	C:\Users\fabricio\AppData\Local\Temp\javacpp31459237463248\opencv_core248.dll
0x000007fcde020000 - 0x000007fcde2d2000 	C:\Users\fabricio\AppData\Local\Temp\javacpp31459237463248\opencv_imgproc248.dll
0x000007fcdd380000 - 0x000007fcdd5cd000 	C:\Users\fabricio\AppData\Local\Temp\javacpp31459237463248\opencv_highgui248.dll
0x000007fce5520000 - 0x000007fce5540000 	C:\Windows\SYSTEM32\AVIFIL32.dll
0x000007fce54f0000 - 0x000007fce5519000 	C:\Windows\SYSTEM32\MSVFW32.dll
0x000007fce50a0000 - 0x000007fce50b7000 	C:\Windows\SYSTEM32\AVICAP32.dll
0x000007fce1870000 - 0x000007fce1889000 	C:\Windows\SYSTEM32\MSACM32.dll
0x000007fce6a50000 - 0x000007fce6a59000 	C:\Windows\SYSTEM32\VERSION.dll
0x000007fce3a40000 - 0x000007fce3a53000 	C:\Users\fabricio\AppData\Local\Temp\javacpp31459237463248\jniopencv_highgui.dll
0x000007fce32d0000 - 0x000007fce32e7000 	C:\Windows\System32\devenum.dll
0x000007fced030000 - 0x000007fced200000 	C:\Windows\system32\setupapi.dll
0x000007fcea6e0000 - 0x000007fcea70e000 	C:\Windows\SYSTEM32\ntmarta.dll
0x000007fcecbe0000 - 0x000007fcecc35000 	C:\Windows\system32\WINTRUST.dll
0x000007fceca00000 - 0x000007fcecbd1000 	C:\Windows\system32\CRYPT32.dll
0x000007fcec770000 - 0x000007fcec786000 	C:\Windows\system32\MSASN1.dll
0x000007fce6220000 - 0x000007fce622d000 	C:\Windows\SYSTEM32\msdmo.dll
0x000007fce32a0000 - 0x000007fce32cf000 	C:\Windows\System32\qcap.dll
0x000007fcde6c0000 - 0x000007fcde878000 	C:\Windows\System32\quartz.dll
0x000007fce1320000 - 0x000007fce135f000 	C:\Windows\System32\ksproxy.ax
0x000007fce7ea0000 - 0x000007fce7ea7000 	C:\Windows\System32\ksuser.dll
0x000007fcdd180000 - 0x000007fcdd380000 	C:\Windows\System32\d3d9.dll
0x000007fce61b0000 - 0x000007fce61bc000 	C:\Windows\System32\vidcap.ax
0x000007fce12f0000 - 0x000007fce1314000 	C:\Windows\System32\kswdmcap.ax
0x000007fce0380000 - 0x000007fce04d4000 	C:\Windows\System32\MFC42.dll
0x000007fcdd0c0000 - 0x000007fcdd17e000 	C:\Windows\System32\ODBC32.dll
0x000007fcdd020000 - 0x000007fcdd0b5000 	C:\Windows\System32\qedit.dll
0x000007fcee1e0000 - 0x000007fcee281000 	C:\Windows\system32\COMDLG32.dll
0x000007fce30b0000 - 0x000007fce3250000 	C:\Windows\WinSxS\amd64_microsoft.windows.gdiplus_6595b64144ccf1df_1.1.9200.16518_none_726fbfe0cc22f012\gdiplus.dll
0x000007fce1f90000 - 0x000007fce207a000 	C:\Windows\SYSTEM32\DDRAW.dll
0x000007fcea210000 - 0x000007fcea218000 	C:\Windows\SYSTEM32\DCIMAN32.dll
0x000007fce6060000 - 0x000007fce606b000 	C:\Windows\SYSTEM32\msyuv.dll
0x000007fcdfb90000 - 0x000007fcdfcf3000 	C:\Windows\SYSTEM32\dbghelp.dll

VM Arguments:
jvm_args: -Dfile.encoding=UTF-8 
java_command: vista.frmPrincipal
java_class_path (initial): C:\Users\fabricio\Desktop\javacv\javacv-cppjars\ffmpeg-2.1.1-windows-x86.jar;C:\Users\fabricio\Desktop\javacv\javacv-cppjars\ffmpeg-2.1.1-windows-x86_64.jar;C:\Users\fabricio\Desktop\javacv\javacv-cppjars\opencv-2.4.8-windows-x86.jar;C:\Users\fabricio\Desktop\javacv\javacv-cppjars\opencv-2.4.8-windows-x86_64.jar;C:\Users\fabricio\Desktop\javacv\javacv-bin\javacpp.jar;C:\Users\fabricio\Desktop\javacv\javacv-bin\javacv-windows-x86.jar;C:\Users\fabricio\Desktop\javacv\javacv-bin\javacv-windows-x86_64.jar;C:\Users\fabricio\Desktop\javacv\javacv-bin\javacv.jar;C:\Users\fabricio\Documents\NetBeansProjects\Ip_camara_opencv\build\classes
Launcher Type: SUN_STANDARD

Environment Variables:
PATH=C:\ProgramData\Oracle\Java\javapath;C:\Windows\system32;C:\Windows;C:\Windows\System32\Wbem;C:\Windows\System32\WindowsPowerShell\v1.0\;C:opencv;C:opencvbuild;
USERNAME=fabricio
OS=Windows_NT
PROCESSOR_IDENTIFIER=Intel64 Family 6 Model 60 Stepping 3, GenuineIntel



---------------  S Y S T E M  ---------------

OS: Windows 8 , 64 bit Build 9200 

CPU:total 8 (4 cores per cpu, 2 threads per core) family 6 model 60 stepping 3, cmov, cx8, fxsr, mmx, sse, sse2, sse3, ssse3, sse4.1, sse4.2, popcnt, avx, avx2, aes, clmul, erms, lzcnt, ht, tsc, tscinvbit, bmi1, bmi2

Memory: 4k page, physical 8139116k(5025016k free), swap 12857708k(9254332k free)

vm_info: Java HotSpot(TM) 64-Bit Server VM (25.20-b23) for windows-amd64 JRE (1.8.0_20-b26), built on Jul 30 2014 13:51:23 by "java_re" with MS VC++ 10.0 (VS2010)

time: Tue Oct 07 15:07:41 2014
elapsed time: 4 seconds (0d 0h 0m 4s)

